<li>Globaler Changelog</li> 
<li>Neue Buttons add/play</li> 
<li>Bugfix: playlist überlebt auch mit nur einem Eintrag - lässt sich auch abspielen</li> 
<li>Aktueller Title in Playlist überlebt auch reload</li> 
<li>Bugfix: playlist überlebt auch mit nur einem Eintrag</li> 
<li>Playlist wird bei Reload übernommen (LocalStorage)</li> 
<li>Neueangelegt User müssen nach erstem Login ein neues Passwort vergeben</li>
<li>Neu angelegt User müssen per Mail aktivieren</li> 
<li>Admin kann User anlegen</li> 
<li>Nicht benötigtes Javascript entfernt</li> 
<li>Javascript im eigenen Ordner</li> 
<li>index.php und start.php vereint</li> 
<li>Menü oben Schatten entfernt</li>
<li>Styles angepasst</li>
<li>Albummenue mit hover</li>
<li>Rolle (user/admin) zuweisbar</li>
<li>Changelog immer aktuell</li>
<li>Changelog sichtbar</li>
<li>Nach Sperre kann ein neues Passwort angefordert werden, danach ein Versuch frei</li>
<li>Passwortreset setzt den Account wieder aktiv</li>
<li>Fehlerhafte Logins werden geloggt -  <s>Todo: IP mitspeichern </s></li>
<li>Passwortreset wird geloggt</li>
<li>Musikscan wird geloggt</li>